<?xml version="1.0" encoding="UTF-8"?>
<testsuite name="BullsCowsTest" tests="1" skipped="0" failures="0" errors="0" timestamp="2020-10-08T17:45:09" hostname="PAWEL-PC" time="0.117">
  <properties/>
  <testcase name="start" classname="BullsCowsTest" time="0.117"/>
  <system-out><![CDATA[?[1;31m
Start test 1?[0m
> 3601

?[1;31m
Start test 2?[0m
> 9906

?[1;31m
Start test 3?[0m
> 1235

]]></system-out>
  <system-err><![CDATA[]]></system-err>
</testsuite>
